=== Thought Log ===

Alright, I need to write a 300-word professional article about AI ethics without including any internal monologues, thoughts, or self-references. Let me start by understanding the key points that should be covered.

First, I'll introduce the concept of AI ethics since it's broad. Then, I'll outline why it's crucial to address ethical concerns in AI development. Next, I'll think about specific ethical considerations like bias and transparency. After that, I'll cover accountability, fairness, privacy, and the balance between human and machine decision-making.

I should make sure each paragraph is concise but informative. Maybe start with an introduction, then a few paragraphs on each of these aspects, ensuring smooth transitions. Also, since it's professional, I need to maintain a formal tone without being too academic.

Wait, did I miss any important ethical issues? There's also the issue of transparency in AI decisions and algorithmic bias. Including those would make the article comprehensive. Let me check: yes, they're covered under bias and transparency. Okay.

I should avoid making the paragraphs too long; keeping them around 60-70 words each would work for a 300-word total with four or five main points.

Let me structure it:

1. Introduction to AI ethics.
2. Importance of addressing ethical concerns.
3. Bias and transparency in AI decisions.
4. Accountability, fairness, privacy.
5. Balance between human and machine decision-making.
6. Conclusion on the importance of AI ethics.

I think that's a solid outline. Now, I'll draft each section ensuring clarity and flow. I need to avoid any self-referential statements or internal thoughts, so focusing solely on the content is key.

Also, using clear examples like facial recognition bias can help illustrate points without being too technical. Overall, the goal is to inform the reader about the main ethical issues AI faces and the importance of addressing them responsibly.



=== Thought Log ===
Topic: AI ethics
Tone: professional
Timestamp: 2025-01-21T21:12:06-07:00
Thoughts:

Okay, the user wants me to write a 300-word professional article on AI ethics without any internal monologue or self-reference. I need to make sure it's concise and informative.

First, I should figure out what key points to cover about AI ethics. Probably start with transparency because that's a fundamental concern—people want to know how AI works so they can trust it.

Then move on to bias since AI systems often have biases from data sources or algorithms. It's important to highlight the societal impacts of these biases and suggest solutions like diverse datasets.

Explainable AI is another crucial point. People want to understand why an AI made a decision, which ties back into transparency again.

Responsible innovation—this covers the need for ethical guidelines, regulations, and involving diverse stakeholders in the development process. It also mentions the importance of continuous monitoring as technology evolves.

Equipping readers with ways to evaluate AI systems ethically is key. This could include looking at accountability mechanisms, fairness, bias mitigation, transparency, and user control.

Finally, wrap it up by emphasizing that AI ethics isn't just about regulations but ensuring alignment with human values for a sustainable future.

I should keep each section brief, around 60-70 words per paragraph to hit the 300-word mark. Also, make sure the tone is professional and clear without any fluff.


=== Thought Log ===
Topic: AI ethics
Tone: professional
Timestamp: 2025-01-21T21:13:05-07:00
Thoughts:

Okay, so I need to write a professional 300-word article about AI ethics without including any internal monologue or self-referential text. Let me break this down.

First, the user wants an overview of AI ethics, its importance, and challenges. I should start by defining AI ethics since not everyone might be familiar with it. Then, outline why it's important in today's world where AI is everywhere—healthcare, education, criminal justice, etc.

Next, I need to cover key ethical considerations like bias and fairness because AI systems can perpetuate biases if trained on biased data. Transparency is another big issue; people want to know how AI makes decisions without seeing the complex algorithms.

Responsible innovation comes up too. As AI becomes more advanced, ensuring it's developed ethically by companies and governments is crucial. Governance frameworks are necessary to set standards globally and prevent misuse or discrimination.

I should mention societal impacts like job displacement but also note advancements in healthcare and education that positive outcomes can bring. It's important to show that AI ethics isn't just about avoiding problems but also leveraging technology for good.

Finally, wrap it up by emphasizing the need for ongoing dialogue among stakeholders to balance innovation with ethical responsibility. Keep each section concise since it's a 300-word article.


=== Thought Log ===
Topic: AI ethics
Tone: professional
Timestamp: 2025-01-21T21:15:00-07:00
Thoughts:

Alright, I need to write a 300-word professional article about AI ethics without any internal monologues or self-referral stuff. Let me start by understanding what the user is asking for.

First off, they want something concise but comprehensive. Since it's only 300 words, I have to be precise and cover all key points without getting too detailed. The topic is AI ethics, so I should define it clearly right at the beginning to set the tone.

I remember that AI ethics involves guidelines and principles to ensure AI systems are trustworthy and beneficial. I'll mention some of the major concerns like bias in algorithms and surveillance. These are hot topics because they affect how people perceive AI's reliability.

Next, transparency is crucial. People want to know what AI is doing without being surprised by its decisions. I should explain how this can be achieved through interpretable models. Also, accountability is important because even if AI makes mistakes, we need someone to take responsibility for them.

Respect for human values must be addressed too. AI shouldn't harm people or animals. This ties into the idea of creating systems that align with ethical standards.

I should also touch on the challenges ahead. Issues like bias and lack of transparency can undermine trust. Emphasizing collaboration between different fields might help find solutions together, making it a multidisciplinary effort.

Finally, I need to wrap it up by reinforcing why AI ethics is necessary for responsible innovation. It's not just about regulations; it's ensuring the technology benefits everyone fairly.

I should keep each section short and clear, avoiding jargon so it's accessible to a broad audience. Making sure the flow goes from introduction of the topic to specific concerns, solutions, challenges, and concluding with its importance.

